This file contains any messages produced by compilers while
running configure, to aid debugging if configure makes a mistake.

It was created by sqlite configure 3.7.6.3, which was
generated by GNU Autoconf 2.62.  Invocation command line was

  $ ./configure --enable-optimizations

## --------- ##
## Platform. ##
## --------- ##

hostname = kali
uname -m = x86_64
uname -r = 6.8.11-amd64
uname -s = Linux
uname -v = #1 SMP PREEMPT_DYNAMIC Kali 6.8.11-1kali2 (2024-05-30)

/usr/bin/uname -p = unknown
/bin/uname -X     = unknown

/bin/arch              = x86_64
/usr/bin/arch -k       = unknown
/usr/convex/getsysinfo = unknown
/usr/bin/hostinfo      = unknown
/bin/machine           = unknown
/usr/bin/oslevel       = unknown
/bin/universe          = unknown

PATH: /usr/local/sbin
PATH: /usr/local/bin
PATH: /usr/sbin
PATH: /usr/bin
PATH: /sbin
PATH: /bin


## ----------- ##
## Core tests. ##
## ----------- ##

configure:2093: checking for a BSD-compatible install
configure:2161: result: /usr/bin/install -c
configure:2172: checking whether build environment is sane
configure:2215: result: yes
configure:2277: checking for gawk
configure:2293: found /usr/bin/gawk
configure:2304: result: gawk
configure:2315: checking whether make sets $(MAKE)
configure:2337: result: yes
configure:2534: checking for style of include used by make
configure:2562: result: GNU
configure:2635: checking for gcc
configure:2651: found /usr/bin/gcc
configure:2662: result: gcc
configure:2900: checking for C compiler version
configure:2908: gcc --version >&5
gcc (Debian 13.3.0-1) 13.3.0
Copyright (C) 2023 Free Software Foundation, Inc.
This is free software; see the source for copying conditions.  There is NO
warranty; not even for MERCHANTABILITY or FITNESS FOR A PARTICULAR PURPOSE.

configure:2912: $? = 0
configure:2919: gcc -v >&5
Using built-in specs.
COLLECT_GCC=gcc
COLLECT_LTO_WRAPPER=/usr/libexec/gcc/x86_64-linux-gnu/13/lto-wrapper
OFFLOAD_TARGET_NAMES=nvptx-none:amdgcn-amdhsa
OFFLOAD_TARGET_DEFAULT=1
Target: x86_64-linux-gnu
Configured with: ../src/configure -v --with-pkgversion='Debian 13.3.0-1' --with-bugurl=file:///usr/share/doc/gcc-13/README.Bugs --enable-languages=c,ada,c++,go,d,fortran,objc,obj-c++,m2 --prefix=/usr --with-gcc-major-version-only --program-suffix=-13 --program-prefix=x86_64-linux-gnu- --enable-shared --enable-linker-build-id --libexecdir=/usr/libexec --without-included-gettext --enable-threads=posix --libdir=/usr/lib --enable-nls --enable-bootstrap --enable-clocale=gnu --enable-libstdcxx-debug --enable-libstdcxx-time=yes --with-default-libstdcxx-abi=new --enable-libstdcxx-backtrace --enable-gnu-unique-object --disable-vtable-verify --enable-plugin --enable-default-pie --with-system-zlib --enable-libphobos-checking=release --with-target-system-zlib=auto --enable-objc-gc=auto --enable-multiarch --disable-werror --enable-cet --with-arch-32=i686 --with-abi=m64 --with-multilib-list=m32,m64,mx32 --enable-multilib --with-tune=generic --enable-offload-targets=nvptx-none=/build/reproducible-path/gcc-13-13.3.0/debian/tmp-nvptx/usr,amdgcn-amdhsa=/build/reproducible-path/gcc-13-13.3.0/debian/tmp-gcn/usr --enable-offload-defaulted --without-cuda-driver --enable-checking=release --build=x86_64-linux-gnu --host=x86_64-linux-gnu --target=x86_64-linux-gnu --with-build-config=bootstrap-lto-lean --enable-link-serialization=3
Thread model: posix
Supported LTO compression algorithms: zlib zstd
gcc version 13.3.0 (Debian 13.3.0-1) 
configure:2923: $? = 0
configure:2930: gcc -V >&5
gcc: error: unrecognized command-line option '-V'
gcc: fatal error: no input files
compilation terminated.
configure:2934: $? = 1
configure:2957: checking for C compiler default output file name
configure:2979: gcc    conftest.c  >&5
configure:2983: $? = 0
configure:3021: result: a.out
configure:3038: checking whether the C compiler works
configure:3048: ./a.out
configure:3052: $? = 0
configure:3069: result: yes
configure:3076: checking whether we are cross compiling
configure:3078: result: no
configure:3081: checking for suffix of executables
configure:3088: gcc -o conftest    conftest.c  >&5
configure:3092: $? = 0
configure:3116: result: 
configure:3122: checking for suffix of object files
configure:3148: gcc -c   conftest.c >&5
configure:3152: $? = 0
configure:3175: result: o
configure:3179: checking whether we are using the GNU C compiler
configure:3208: gcc -c   conftest.c >&5
configure:3215: $? = 0
configure:3232: result: yes
configure:3241: checking whether gcc accepts -g
configure:3271: gcc -c -g  conftest.c >&5
configure:3278: $? = 0
configure:3379: result: yes
configure:3396: checking for gcc option to accept ISO C89
configure:3470: gcc  -c -g -O2  conftest.c >&5
configure:3477: $? = 0
configure:3500: result: none needed
configure:3520: checking dependency style of gcc
configure:3610: result: gcc3
configure:3635: checking for special C compiler options needed for large files
configure:3730: result: no
configure:3736: checking for _FILE_OFFSET_BITS value needed for large files
configure:3771: gcc -c -g -O2  conftest.c >&5
configure:3778: $? = 0
configure:3847: result: no
configure:4034: checking for gcc
configure:4061: result: gcc
configure:4299: checking for C compiler version
configure:4307: gcc --version >&5
gcc (Debian 13.3.0-1) 13.3.0
Copyright (C) 2023 Free Software Foundation, Inc.
This is free software; see the source for copying conditions.  There is NO
warranty; not even for MERCHANTABILITY or FITNESS FOR A PARTICULAR PURPOSE.

configure:4311: $? = 0
configure:4318: gcc -v >&5
Using built-in specs.
COLLECT_GCC=gcc
COLLECT_LTO_WRAPPER=/usr/libexec/gcc/x86_64-linux-gnu/13/lto-wrapper
OFFLOAD_TARGET_NAMES=nvptx-none:amdgcn-amdhsa
OFFLOAD_TARGET_DEFAULT=1
Target: x86_64-linux-gnu
Configured with: ../src/configure -v --with-pkgversion='Debian 13.3.0-1' --with-bugurl=file:///usr/share/doc/gcc-13/README.Bugs --enable-languages=c,ada,c++,go,d,fortran,objc,obj-c++,m2 --prefix=/usr --with-gcc-major-version-only --program-suffix=-13 --program-prefix=x86_64-linux-gnu- --enable-shared --enable-linker-build-id --libexecdir=/usr/libexec --without-included-gettext --enable-threads=posix --libdir=/usr/lib --enable-nls --enable-bootstrap --enable-clocale=gnu --enable-libstdcxx-debug --enable-libstdcxx-time=yes --with-default-libstdcxx-abi=new --enable-libstdcxx-backtrace --enable-gnu-unique-object --disable-vtable-verify --enable-plugin --enable-default-pie --with-system-zlib --enable-libphobos-checking=release --with-target-system-zlib=auto --enable-objc-gc=auto --enable-multiarch --disable-werror --enable-cet --with-arch-32=i686 --with-abi=m64 --with-multilib-list=m32,m64,mx32 --enable-multilib --with-tune=generic --enable-offload-targets=nvptx-none=/build/reproducible-path/gcc-13-13.3.0/debian/tmp-nvptx/usr,amdgcn-amdhsa=/build/reproducible-path/gcc-13-13.3.0/debian/tmp-gcn/usr --enable-offload-defaulted --without-cuda-driver --enable-checking=release --build=x86_64-linux-gnu --host=x86_64-linux-gnu --target=x86_64-linux-gnu --with-build-config=bootstrap-lto-lean --enable-link-serialization=3
Thread model: posix
Supported LTO compression algorithms: zlib zstd
gcc version 13.3.0 (Debian 13.3.0-1) 
configure:4322: $? = 0
configure:4329: gcc -V >&5
gcc: error: unrecognized command-line option '-V'
gcc: fatal error: no input files
compilation terminated.
configure:4333: $? = 1
configure:4336: checking whether we are using the GNU C compiler
configure:4389: result: yes
configure:4398: checking whether gcc accepts -g
configure:4536: result: yes
configure:4553: checking for gcc option to accept ISO C89
configure:4657: result: none needed
configure:4677: checking dependency style of gcc
configure:4767: result: gcc3
configure:4827: checking for ranlib
configure:4843: found /usr/bin/ranlib
configure:4854: result: ranlib
configure:4958: checking build system type
configure:4976: result: x86_64-unknown-linux-gnu
configure:4998: checking host system type
configure:5013: result: x86_64-unknown-linux-gnu
configure:5035: checking for a sed that does not truncate output
configure:5089: result: /usr/bin/sed
configure:5092: checking for grep that handles long lines and -e
configure:5152: result: /usr/bin/grep
configure:5157: checking for egrep
configure:5221: result: /usr/bin/grep -E
configure:5237: checking for ld used by gcc
configure:5304: result: /usr/bin/ld
configure:5313: checking if the linker (/usr/bin/ld) is GNU ld
configure:5328: result: yes
configure:5333: checking for /usr/bin/ld option to reload object files
configure:5340: result: -r
configure:5358: checking for BSD-compatible nm
configure:5407: result: /usr/bin/nm -B
configure:5411: checking whether ln -s works
configure:5415: result: yes
configure:5422: checking how to recognise dependent libraries
configure:5598: result: pass_all
configure:5685: gcc -c -g -O2  conftest.c >&5
configure:5688: $? = 0
configure:5835: checking how to run the C preprocessor
configure:5875: gcc -E  conftest.c
configure:5882: $? = 0
configure:5913: gcc -E  conftest.c
conftest.c:10:10: fatal error: ac_nonexistent.h: No such file or directory
   10 | #include <ac_nonexistent.h>
      |          ^~~~~~~~~~~~~~~~~~
compilation terminated.
configure:5920: $? = 1
configure: failed program was:
| /* confdefs.h.  */
| #define PACKAGE_NAME "sqlite"
| #define PACKAGE_TARNAME "sqlite"
| #define PACKAGE_VERSION "3.7.6.3"
| #define PACKAGE_STRING "sqlite 3.7.6.3"
| #define PACKAGE_BUGREPORT "http://www.sqlite.org"
| #define PACKAGE "sqlite"
| #define VERSION "3.7.6.3"
| /* end confdefs.h.  */
| #include <ac_nonexistent.h>
configure:5953: result: gcc -E
configure:5982: gcc -E  conftest.c
configure:5989: $? = 0
configure:6020: gcc -E  conftest.c
conftest.c:10:10: fatal error: ac_nonexistent.h: No such file or directory
   10 | #include <ac_nonexistent.h>
      |          ^~~~~~~~~~~~~~~~~~
compilation terminated.
configure:6027: $? = 1
configure: failed program was:
| /* confdefs.h.  */
| #define PACKAGE_NAME "sqlite"
| #define PACKAGE_TARNAME "sqlite"
| #define PACKAGE_VERSION "3.7.6.3"
| #define PACKAGE_STRING "sqlite 3.7.6.3"
| #define PACKAGE_BUGREPORT "http://www.sqlite.org"
| #define PACKAGE "sqlite"
| #define VERSION "3.7.6.3"
| /* end confdefs.h.  */
| #include <ac_nonexistent.h>
configure:6065: checking for ANSI C header files
configure:6095: gcc -c -g -O2  conftest.c >&5
configure:6102: $? = 0
configure:6201: gcc -o conftest -g -O2   conftest.c  >&5
configure:6205: $? = 0
configure:6211: ./conftest
configure:6215: $? = 0
configure:6233: result: yes
configure:6257: checking for sys/types.h
configure:6278: gcc -c -g -O2  conftest.c >&5
configure:6285: $? = 0
configure:6302: result: yes
configure:6257: checking for sys/stat.h
configure:6278: gcc -c -g -O2  conftest.c >&5
configure:6285: $? = 0
configure:6302: result: yes
configure:6257: checking for stdlib.h
configure:6278: gcc -c -g -O2  conftest.c >&5
configure:6285: $? = 0
configure:6302: result: yes
configure:6257: checking for string.h
configure:6278: gcc -c -g -O2  conftest.c >&5
configure:6285: $? = 0
configure:6302: result: yes
configure:6257: checking for memory.h
configure:6278: gcc -c -g -O2  conftest.c >&5
configure:6285: $? = 0
configure:6302: result: yes
configure:6257: checking for strings.h
configure:6278: gcc -c -g -O2  conftest.c >&5
configure:6285: $? = 0
configure:6302: result: yes
configure:6257: checking for inttypes.h
configure:6278: gcc -c -g -O2  conftest.c >&5
configure:6285: $? = 0
configure:6302: result: yes
configure:6257: checking for stdint.h
configure:6278: gcc -c -g -O2  conftest.c >&5
configure:6285: $? = 0
configure:6302: result: yes
configure:6257: checking for unistd.h
configure:6278: gcc -c -g -O2  conftest.c >&5
configure:6285: $? = 0
configure:6302: result: yes
configure:6331: checking dlfcn.h usability
configure:6348: gcc -c -g -O2  conftest.c >&5
configure:6355: $? = 0
configure:6369: result: yes
configure:6373: checking dlfcn.h presence
configure:6388: gcc -E  conftest.c
configure:6395: $? = 0
configure:6409: result: yes
configure:6442: checking for dlfcn.h
configure:6451: result: yes
configure:6523: checking for g++
configure:6539: found /usr/bin/g++
configure:6550: result: g++
configure:6581: checking for C++ compiler version
configure:6589: g++ --version >&5
g++ (Debian 13.3.0-1) 13.3.0
Copyright (C) 2023 Free Software Foundation, Inc.
This is free software; see the source for copying conditions.  There is NO
warranty; not even for MERCHANTABILITY or FITNESS FOR A PARTICULAR PURPOSE.

configure:6593: $? = 0
configure:6600: g++ -v >&5
Using built-in specs.
COLLECT_GCC=g++
COLLECT_LTO_WRAPPER=/usr/libexec/gcc/x86_64-linux-gnu/13/lto-wrapper
OFFLOAD_TARGET_NAMES=nvptx-none:amdgcn-amdhsa
OFFLOAD_TARGET_DEFAULT=1
Target: x86_64-linux-gnu
Configured with: ../src/configure -v --with-pkgversion='Debian 13.3.0-1' --with-bugurl=file:///usr/share/doc/gcc-13/README.Bugs --enable-languages=c,ada,c++,go,d,fortran,objc,obj-c++,m2 --prefix=/usr --with-gcc-major-version-only --program-suffix=-13 --program-prefix=x86_64-linux-gnu- --enable-shared --enable-linker-build-id --libexecdir=/usr/libexec --without-included-gettext --enable-threads=posix --libdir=/usr/lib --enable-nls --enable-bootstrap --enable-clocale=gnu --enable-libstdcxx-debug --enable-libstdcxx-time=yes --with-default-libstdcxx-abi=new --enable-libstdcxx-backtrace --enable-gnu-unique-object --disable-vtable-verify --enable-plugin --enable-default-pie --with-system-zlib --enable-libphobos-checking=release --with-target-system-zlib=auto --enable-objc-gc=auto --enable-multiarch --disable-werror --enable-cet --with-arch-32=i686 --with-abi=m64 --with-multilib-list=m32,m64,mx32 --enable-multilib --with-tune=generic --enable-offload-targets=nvptx-none=/build/reproducible-path/gcc-13-13.3.0/debian/tmp-nvptx/usr,amdgcn-amdhsa=/build/reproducible-path/gcc-13-13.3.0/debian/tmp-gcn/usr --enable-offload-defaulted --without-cuda-driver --enable-checking=release --build=x86_64-linux-gnu --host=x86_64-linux-gnu --target=x86_64-linux-gnu --with-build-config=bootstrap-lto-lean --enable-link-serialization=3
Thread model: posix
Supported LTO compression algorithms: zlib zstd
gcc version 13.3.0 (Debian 13.3.0-1) 
configure:6604: $? = 0
configure:6611: g++ -V >&5
g++: error: unrecognized command-line option '-V'
g++: fatal error: no input files
compilation terminated.
configure:6615: $? = 1
configure:6618: checking whether we are using the GNU C++ compiler
configure:6647: g++ -c   conftest.cpp >&5
configure:6654: $? = 0
configure:6671: result: yes
configure:6680: checking whether g++ accepts -g
configure:6710: g++ -c -g  conftest.cpp >&5
configure:6717: $? = 0
configure:6818: result: yes
configure:6843: checking dependency style of g++
configure:6933: result: gcc3
configure:6960: checking how to run the C++ preprocessor
configure:6996: g++ -E  conftest.cpp
configure:7003: $? = 0
configure:7034: g++ -E  conftest.cpp
conftest.cpp:21:10: fatal error: ac_nonexistent.h: No such file or directory
   21 | #include <ac_nonexistent.h>
      |          ^~~~~~~~~~~~~~~~~~
compilation terminated.
configure:7041: $? = 1
configure: failed program was:
| /* confdefs.h.  */
| #define PACKAGE_NAME "sqlite"
| #define PACKAGE_TARNAME "sqlite"
| #define PACKAGE_VERSION "3.7.6.3"
| #define PACKAGE_STRING "sqlite 3.7.6.3"
| #define PACKAGE_BUGREPORT "http://www.sqlite.org"
| #define PACKAGE "sqlite"
| #define VERSION "3.7.6.3"
| #define STDC_HEADERS 1
| #define HAVE_SYS_TYPES_H 1
| #define HAVE_SYS_STAT_H 1
| #define HAVE_STDLIB_H 1
| #define HAVE_STRING_H 1
| #define HAVE_MEMORY_H 1
| #define HAVE_STRINGS_H 1
| #define HAVE_INTTYPES_H 1
| #define HAVE_STDINT_H 1
| #define HAVE_UNISTD_H 1
| #define HAVE_DLFCN_H 1
| /* end confdefs.h.  */
| #include <ac_nonexistent.h>
configure:7074: result: g++ -E
configure:7103: g++ -E  conftest.cpp
configure:7110: $? = 0
configure:7141: g++ -E  conftest.cpp
conftest.cpp:21:10: fatal error: ac_nonexistent.h: No such file or directory
   21 | #include <ac_nonexistent.h>
      |          ^~~~~~~~~~~~~~~~~~
compilation terminated.
configure:7148: $? = 1
configure: failed program was:
| /* confdefs.h.  */
| #define PACKAGE_NAME "sqlite"
| #define PACKAGE_TARNAME "sqlite"
| #define PACKAGE_VERSION "3.7.6.3"
| #define PACKAGE_STRING "sqlite 3.7.6.3"
| #define PACKAGE_BUGREPORT "http://www.sqlite.org"
| #define PACKAGE "sqlite"
| #define VERSION "3.7.6.3"
| #define STDC_HEADERS 1
| #define HAVE_SYS_TYPES_H 1
| #define HAVE_SYS_STAT_H 1
| #define HAVE_STDLIB_H 1
| #define HAVE_STRING_H 1
| #define HAVE_MEMORY_H 1
| #define HAVE_STRINGS_H 1
| #define HAVE_INTTYPES_H 1
| #define HAVE_STDINT_H 1
| #define HAVE_UNISTD_H 1
| #define HAVE_DLFCN_H 1
| /* end confdefs.h.  */
| #include <ac_nonexistent.h>
configure:7241: checking for g77
configure:7271: result: no
configure:7241: checking for xlf
configure:7271: result: no
configure:7241: checking for f77
configure:7271: result: no
configure:7241: checking for frt
configure:7271: result: no
configure:7241: checking for pgf77
configure:7271: result: no
configure:7241: checking for cf77
configure:7271: result: no
configure:7241: checking for fort77
configure:7271: result: no
configure:7241: checking for fl32
configure:7271: result: no
configure:7241: checking for af77
configure:7271: result: no
configure:7241: checking for xlf90
configure:7271: result: no
configure:7241: checking for f90
configure:7271: result: no
configure:7241: checking for pgf90
configure:7271: result: no
configure:7241: checking for pghpf
configure:7271: result: no
configure:7241: checking for epcf90
configure:7271: result: no
configure:7241: checking for gfortran
configure:7271: result: no
configure:7241: checking for g95
configure:7271: result: no
configure:7241: checking for xlf95
configure:7271: result: no
configure:7241: checking for f95
configure:7271: result: no
configure:7241: checking for fort
configure:7271: result: no
configure:7241: checking for ifort
configure:7271: result: no
configure:7241: checking for ifc
configure:7271: result: no
configure:7241: checking for efc
configure:7271: result: no
configure:7241: checking for pgf95
configure:7271: result: no
configure:7241: checking for lf95
configure:7271: result: no
configure:7241: checking for ftn
configure:7271: result: no
configure:7298: checking for Fortran 77 compiler version
configure:7306:  --version >&5
./configure: line 7308: --version: command not found
configure:7310: $? = 127
configure:7317:  -v >&5
./configure: line 7319: -v: command not found
configure:7321: $? = 127
configure:7328:  -V >&5
./configure: line 7330: -V: command not found
configure:7332: $? = 127
configure:7340: checking whether we are using the GNU Fortran 77 compiler
configure:7359:  -c  conftest.F >&5
./configure: line 7361: -c: command not found
configure:7366: $? = 127
configure: failed program was:
|       program main
| #ifndef __GNUC__
|        choke me
| #endif
| 
|       end
configure:7383: result: no
configure:7389: checking whether  accepts -g
configure:7406:  -c -g conftest.f >&5
./configure: line 7408: -c: command not found
configure:7413: $? = 127
configure: failed program was:
|       program main
| 
|       end
configure:7429: result: no
configure:7463: checking the maximum length of command line arguments
configure:7572: result: 32768
configure:7583: checking command to parse /usr/bin/nm -B output from gcc object
configure:7688: gcc -c -g -O2  conftest.c >&5
configure:7691: $? = 0
configure:7695: /usr/bin/nm -B conftest.o \| sed -n -e 's/^.*[ 	]\([ABCDGIRSTW][ABCDGIRSTW]*\)[ 	][ 	]*\([_A-Za-z][_A-Za-z0-9]*\)$/\1 \2 \2/p' \> conftest.nm
configure:7698: $? = 0
configure:7750: gcc -o conftest -g -O2   conftest.c conftstm.o >&5
configure:7753: $? = 0
configure:7791: result: ok
configure:7795: checking for objdir
configure:7810: result: .libs
configure:7902: checking for ar
configure:7918: found /usr/bin/ar
configure:7929: result: ar
configure:7998: checking for ranlib
configure:8025: result: ranlib
configure:8094: checking for strip
configure:8110: found /usr/bin/strip
configure:8121: result: strip
configure:8407: checking if gcc supports -fno-rtti -fno-exceptions
configure:8425: gcc -c -g -O2  -fno-rtti -fno-exceptions conftest.c >&5
cc1: warning: command-line option '-fno-rtti' is valid for C++/D/ObjC++ but not for C
configure:8429: $? = 0
configure:8442: result: no
configure:8457: checking for gcc option to produce PIC
configure:8667: result: -fPIC
configure:8675: checking if gcc PIC flag -fPIC works
configure:8693: gcc -c -g -O2  -fPIC -DPIC conftest.c >&5
configure:8697: $? = 0
configure:8710: result: yes
configure:8738: checking if gcc static flag -static works
configure:8766: result: yes
configure:8776: checking if gcc supports -c -o file.o
configure:8797: gcc -c -g -O2  -o out/conftest2.o conftest.c >&5
configure:8801: $? = 0
configure:8823: result: yes
configure:8849: checking whether the gcc linker (/usr/bin/ld -m elf_x86_64) supports shared libraries
configure:9811: result: yes
configure:9832: checking whether -lc should be explicitly linked in
configure:9837: gcc -c -g -O2  conftest.c >&5
configure:9840: $? = 0
configure:9855: gcc -shared conftest.o  -v -Wl,-soname -Wl,conftest -o conftest 2\>\&1 \| grep  -lc  \>/dev/null 2\>\&1
configure:9858: $? = 0
configure:9870: result: no
configure:9878: checking dynamic linker characteristics
configure:10466: result: GNU/Linux ld.so
configure:10475: checking how to hardcode library paths into programs
configure:10500: result: immediate
configure:10514: checking whether stripping libraries is possible
configure:10519: result: yes
configure:11348: checking if libtool supports shared libraries
configure:11350: result: yes
configure:11353: checking whether to build shared libraries
configure:11374: result: yes
configure:11377: checking whether to build static libraries
configure:11381: result: yes
configure:11473: creating libtool
configure:12061: checking for ld used by g++
configure:12128: result: /usr/bin/ld -m elf_x86_64
configure:12137: checking if the linker (/usr/bin/ld -m elf_x86_64) is GNU ld
configure:12152: result: yes
configure:12203: checking whether the g++ linker (/usr/bin/ld -m elf_x86_64) supports shared libraries
configure:13145: result: yes
configure:13163: g++ -c -g -O2  conftest.cpp >&5
configure:13166: $? = 0
configure:13285: checking for g++ option to produce PIC
configure:13559: result: -fPIC
configure:13567: checking if g++ PIC flag -fPIC works
configure:13585: g++ -c -g -O2  -fPIC -DPIC conftest.cpp >&5
configure:13589: $? = 0
configure:13602: result: yes
configure:13630: checking if g++ static flag -static works
configure:13658: result: yes
configure:13668: checking if g++ supports -c -o file.o
configure:13689: g++ -c -g -O2  -o out/conftest2.o conftest.cpp >&5
configure:13693: $? = 0
configure:13715: result: yes
configure:13741: checking whether the g++ linker (/usr/bin/ld -m elf_x86_64) supports shared libraries
configure:13766: result: yes
configure:13833: checking dynamic linker characteristics
configure:14421: result: GNU/Linux ld.so
configure:14430: checking how to hardcode library paths into programs
configure:14455: result: immediate
configure:20611: checking for a thread-safe mkdir -p
configure:20650: result: /usr/bin/mkdir -p
configure:20663: checking for fdatasync
configure:20719: gcc -o conftest -g -O2   conftest.c  >&5
configure:20726: $? = 0
configure:20748: result: yes
configure:20663: checking for usleep
configure:20719: gcc -o conftest -g -O2   conftest.c  >&5
configure:20726: $? = 0
configure:20748: result: yes
configure:20663: checking for fullfsync
configure:20719: gcc -o conftest -g -O2   conftest.c  >&5
/usr/bin/ld: /tmp/ccYjjcpL.o: in function `main':
/home/othmxne/Documents/Projects/awsProject/sqlite-autoconf-3070603/conftest.c:57:(.text.startup+0x7): undefined reference to `fullfsync'
collect2: error: ld returned 1 exit status
configure:20726: $? = 1
configure: failed program was:
| /* confdefs.h.  */
| #define PACKAGE_NAME "sqlite"
| #define PACKAGE_TARNAME "sqlite"
| #define PACKAGE_VERSION "3.7.6.3"
| #define PACKAGE_STRING "sqlite 3.7.6.3"
| #define PACKAGE_BUGREPORT "http://www.sqlite.org"
| #define PACKAGE "sqlite"
| #define VERSION "3.7.6.3"
| #define STDC_HEADERS 1
| #define HAVE_SYS_TYPES_H 1
| #define HAVE_SYS_STAT_H 1
| #define HAVE_STDLIB_H 1
| #define HAVE_STRING_H 1
| #define HAVE_MEMORY_H 1
| #define HAVE_STRINGS_H 1
| #define HAVE_INTTYPES_H 1
| #define HAVE_STDINT_H 1
| #define HAVE_UNISTD_H 1
| #define HAVE_DLFCN_H 1
| #define HAVE_FDATASYNC 1
| #define HAVE_USLEEP 1
| /* end confdefs.h.  */
| /* Define fullfsync to an innocuous variant, in case <limits.h> declares fullfsync.
|    For example, HP-UX 11i <limits.h> declares gettimeofday.  */
| #define fullfsync innocuous_fullfsync
| 
| /* System header to define __stub macros and hopefully few prototypes,
|     which can conflict with char fullfsync (); below.
|     Prefer <limits.h> to <assert.h> if __STDC__ is defined, since
|     <limits.h> exists even on freestanding compilers.  */
| 
| #ifdef __STDC__
| # include <limits.h>
| #else
| # include <assert.h>
| #endif
| 
| #undef fullfsync
| 
| /* Override any GCC internal prototype to avoid an error.
|    Use char because int might match the return type of a GCC
|    builtin and then its argument prototype would still apply.  */
| #ifdef __cplusplus
| extern "C"
| #endif
| char fullfsync ();
| /* The GNU C library defines this for functions which it implements
|     to always fail with ENOSYS.  Some functions are actually named
|     something starting with __ and the normal name is an alias.  */
| #if defined __stub_fullfsync || defined __stub___fullfsync
| choke me
| #endif
| 
| int
| main ()
| {
| return fullfsync ();
|   ;
|   return 0;
| }
configure:20748: result: no
configure:20663: checking for localtime_r
configure:20719: gcc -o conftest -g -O2   conftest.c  >&5
configure:20726: $? = 0
configure:20748: result: yes
configure:20663: checking for gmtime_r
configure:20719: gcc -o conftest -g -O2   conftest.c  >&5
configure:20726: $? = 0
configure:20748: result: yes
configure:20759: checking whether strerror_r is declared
configure:20788: gcc -c -g -O2  conftest.c >&5
configure:20795: $? = 0
configure:20810: result: yes
configure:20832: checking for strerror_r
configure:20888: gcc -o conftest -g -O2   conftest.c  >&5
configure:20895: $? = 0
configure:20917: result: yes
configure:20928: checking whether strerror_r returns char *
configure:20962: gcc -c -g -O2  conftest.c >&5
conftest.c: In function 'main':
conftest.c:65:20: error: invalid type argument of unary '*' (have 'int')
   65 |           char x = *strerror_r (0, buf, sizeof buf);
      |                    ^~~~~~~~~~~~~~~~~~~~~~~~~~~~~~~~
conftest.c:66:21: warning: initialization of 'char *' from 'int' makes pointer from integer without a cast [-Wint-conversion]
   66 |           char *p = strerror_r (0, buf, sizeof buf);
      |                     ^~~~~~~~~~
configure:20969: $? = 1
configure: failed program was:
| /* confdefs.h.  */
| #define PACKAGE_NAME "sqlite"
| #define PACKAGE_TARNAME "sqlite"
| #define PACKAGE_VERSION "3.7.6.3"
| #define PACKAGE_STRING "sqlite 3.7.6.3"
| #define PACKAGE_BUGREPORT "http://www.sqlite.org"
| #define PACKAGE "sqlite"
| #define VERSION "3.7.6.3"
| #define STDC_HEADERS 1
| #define HAVE_SYS_TYPES_H 1
| #define HAVE_SYS_STAT_H 1
| #define HAVE_STDLIB_H 1
| #define HAVE_STRING_H 1
| #define HAVE_MEMORY_H 1
| #define HAVE_STRINGS_H 1
| #define HAVE_INTTYPES_H 1
| #define HAVE_STDINT_H 1
| #define HAVE_UNISTD_H 1
| #define HAVE_DLFCN_H 1
| #define HAVE_FDATASYNC 1
| #define HAVE_USLEEP 1
| #define HAVE_LOCALTIME_R 1
| #define HAVE_GMTIME_R 1
| #define HAVE_DECL_STRERROR_R 1
| #define HAVE_STRERROR_R 1
| /* end confdefs.h.  */
| #include <stdio.h>
| #ifdef HAVE_SYS_TYPES_H
| # include <sys/types.h>
| #endif
| #ifdef HAVE_SYS_STAT_H
| # include <sys/stat.h>
| #endif
| #ifdef STDC_HEADERS
| # include <stdlib.h>
| # include <stddef.h>
| #else
| # ifdef HAVE_STDLIB_H
| #  include <stdlib.h>
| # endif
| #endif
| #ifdef HAVE_STRING_H
| # if !defined STDC_HEADERS && defined HAVE_MEMORY_H
| #  include <memory.h>
| # endif
| # include <string.h>
| #endif
| #ifdef HAVE_STRINGS_H
| # include <strings.h>
| #endif
| #ifdef HAVE_INTTYPES_H
| # include <inttypes.h>
| #endif
| #ifdef HAVE_STDINT_H
| # include <stdint.h>
| #endif
| #ifdef HAVE_UNISTD_H
| # include <unistd.h>
| #endif
| int
| main ()
| {
| 
| 	  char buf[100];
| 	  char x = *strerror_r (0, buf, sizeof buf);
| 	  char *p = strerror_r (0, buf, sizeof buf);
| 	  return !p || x;
| 
|   ;
|   return 0;
| }
configure:21048: result: no
configure:21076: checking for library containing tgetent
configure:21117: gcc -o conftest -g -O2   conftest.c  >&5
/usr/bin/ld: /tmp/ccSyMo1M.o: in function `main':
/home/othmxne/Documents/Projects/awsProject/sqlite-autoconf-3070603/conftest.c:38:(.text.startup+0x7): undefined reference to `tgetent'
collect2: error: ld returned 1 exit status
configure:21124: $? = 1
configure: failed program was:
| /* confdefs.h.  */
| #define PACKAGE_NAME "sqlite"
| #define PACKAGE_TARNAME "sqlite"
| #define PACKAGE_VERSION "3.7.6.3"
| #define PACKAGE_STRING "sqlite 3.7.6.3"
| #define PACKAGE_BUGREPORT "http://www.sqlite.org"
| #define PACKAGE "sqlite"
| #define VERSION "3.7.6.3"
| #define STDC_HEADERS 1
| #define HAVE_SYS_TYPES_H 1
| #define HAVE_SYS_STAT_H 1
| #define HAVE_STDLIB_H 1
| #define HAVE_STRING_H 1
| #define HAVE_MEMORY_H 1
| #define HAVE_STRINGS_H 1
| #define HAVE_INTTYPES_H 1
| #define HAVE_STDINT_H 1
| #define HAVE_UNISTD_H 1
| #define HAVE_DLFCN_H 1
| #define HAVE_FDATASYNC 1
| #define HAVE_USLEEP 1
| #define HAVE_LOCALTIME_R 1
| #define HAVE_GMTIME_R 1
| #define HAVE_DECL_STRERROR_R 1
| #define HAVE_STRERROR_R 1
| /* end confdefs.h.  */
| 
| /* Override any GCC internal prototype to avoid an error.
|    Use char because int might match the return type of a GCC
|    builtin and then its argument prototype would still apply.  */
| #ifdef __cplusplus
| extern "C"
| #endif
| char tgetent ();
| int
| main ()
| {
| return tgetent ();
|   ;
|   return 0;
| }
configure:21117: gcc -o conftest -g -O2   conftest.c -lcurses   >&5
configure:21124: $? = 0
configure:21155: result: -lcurses
configure:21163: checking for library containing readline
configure:21204: gcc -o conftest -g -O2   conftest.c -lcurses  >&5
/usr/bin/ld: /tmp/ccuw2ClR.o: in function `main':
/home/othmxne/Documents/Projects/awsProject/sqlite-autoconf-3070603/conftest.c:38:(.text.startup+0x7): undefined reference to `readline'
collect2: error: ld returned 1 exit status
configure:21211: $? = 1
configure: failed program was:
| /* confdefs.h.  */
| #define PACKAGE_NAME "sqlite"
| #define PACKAGE_TARNAME "sqlite"
| #define PACKAGE_VERSION "3.7.6.3"
| #define PACKAGE_STRING "sqlite 3.7.6.3"
| #define PACKAGE_BUGREPORT "http://www.sqlite.org"
| #define PACKAGE "sqlite"
| #define VERSION "3.7.6.3"
| #define STDC_HEADERS 1
| #define HAVE_SYS_TYPES_H 1
| #define HAVE_SYS_STAT_H 1
| #define HAVE_STDLIB_H 1
| #define HAVE_STRING_H 1
| #define HAVE_MEMORY_H 1
| #define HAVE_STRINGS_H 1
| #define HAVE_INTTYPES_H 1
| #define HAVE_STDINT_H 1
| #define HAVE_UNISTD_H 1
| #define HAVE_DLFCN_H 1
| #define HAVE_FDATASYNC 1
| #define HAVE_USLEEP 1
| #define HAVE_LOCALTIME_R 1
| #define HAVE_GMTIME_R 1
| #define HAVE_DECL_STRERROR_R 1
| #define HAVE_STRERROR_R 1
| /* end confdefs.h.  */
| 
| /* Override any GCC internal prototype to avoid an error.
|    Use char because int might match the return type of a GCC
|    builtin and then its argument prototype would still apply.  */
| #ifdef __cplusplus
| extern "C"
| #endif
| char readline ();
| int
| main ()
| {
| return readline ();
|   ;
|   return 0;
| }
configure:21204: gcc -o conftest -g -O2   conftest.c -lreadline  -lcurses  >&5
/usr/bin/ld: cannot find -lreadline: No such file or directory
collect2: error: ld returned 1 exit status
configure:21211: $? = 1
configure: failed program was:
| /* confdefs.h.  */
| #define PACKAGE_NAME "sqlite"
| #define PACKAGE_TARNAME "sqlite"
| #define PACKAGE_VERSION "3.7.6.3"
| #define PACKAGE_STRING "sqlite 3.7.6.3"
| #define PACKAGE_BUGREPORT "http://www.sqlite.org"
| #define PACKAGE "sqlite"
| #define VERSION "3.7.6.3"
| #define STDC_HEADERS 1
| #define HAVE_SYS_TYPES_H 1
| #define HAVE_SYS_STAT_H 1
| #define HAVE_STDLIB_H 1
| #define HAVE_STRING_H 1
| #define HAVE_MEMORY_H 1
| #define HAVE_STRINGS_H 1
| #define HAVE_INTTYPES_H 1
| #define HAVE_STDINT_H 1
| #define HAVE_UNISTD_H 1
| #define HAVE_DLFCN_H 1
| #define HAVE_FDATASYNC 1
| #define HAVE_USLEEP 1
| #define HAVE_LOCALTIME_R 1
| #define HAVE_GMTIME_R 1
| #define HAVE_DECL_STRERROR_R 1
| #define HAVE_STRERROR_R 1
| /* end confdefs.h.  */
| 
| /* Override any GCC internal prototype to avoid an error.
|    Use char because int might match the return type of a GCC
|    builtin and then its argument prototype would still apply.  */
| #ifdef __cplusplus
| extern "C"
| #endif
| char readline ();
| int
| main ()
| {
| return readline ();
|   ;
|   return 0;
| }
configure:21242: result: no
configure:21256: checking for readline
configure:21312: gcc -o conftest -g -O2   conftest.c -lcurses  >&5
/usr/bin/ld: /tmp/ccHBKR7S.o: in function `main':
/home/othmxne/Documents/Projects/awsProject/sqlite-autoconf-3070603/conftest.c:61:(.text.startup+0x7): undefined reference to `readline'
collect2: error: ld returned 1 exit status
configure:21319: $? = 1
configure: failed program was:
| /* confdefs.h.  */
| #define PACKAGE_NAME "sqlite"
| #define PACKAGE_TARNAME "sqlite"
| #define PACKAGE_VERSION "3.7.6.3"
| #define PACKAGE_STRING "sqlite 3.7.6.3"
| #define PACKAGE_BUGREPORT "http://www.sqlite.org"
| #define PACKAGE "sqlite"
| #define VERSION "3.7.6.3"
| #define STDC_HEADERS 1
| #define HAVE_SYS_TYPES_H 1
| #define HAVE_SYS_STAT_H 1
| #define HAVE_STDLIB_H 1
| #define HAVE_STRING_H 1
| #define HAVE_MEMORY_H 1
| #define HAVE_STRINGS_H 1
| #define HAVE_INTTYPES_H 1
| #define HAVE_STDINT_H 1
| #define HAVE_UNISTD_H 1
| #define HAVE_DLFCN_H 1
| #define HAVE_FDATASYNC 1
| #define HAVE_USLEEP 1
| #define HAVE_LOCALTIME_R 1
| #define HAVE_GMTIME_R 1
| #define HAVE_DECL_STRERROR_R 1
| #define HAVE_STRERROR_R 1
| /* end confdefs.h.  */
| /* Define readline to an innocuous variant, in case <limits.h> declares readline.
|    For example, HP-UX 11i <limits.h> declares gettimeofday.  */
| #define readline innocuous_readline
| 
| /* System header to define __stub macros and hopefully few prototypes,
|     which can conflict with char readline (); below.
|     Prefer <limits.h> to <assert.h> if __STDC__ is defined, since
|     <limits.h> exists even on freestanding compilers.  */
| 
| #ifdef __STDC__
| # include <limits.h>
| #else
| # include <assert.h>
| #endif
| 
| #undef readline
| 
| /* Override any GCC internal prototype to avoid an error.
|    Use char because int might match the return type of a GCC
|    builtin and then its argument prototype would still apply.  */
| #ifdef __cplusplus
| extern "C"
| #endif
| char readline ();
| /* The GNU C library defines this for functions which it implements
|     to always fail with ENOSYS.  Some functions are actually named
|     something starting with __ and the normal name is an alias.  */
| #if defined __stub_readline || defined __stub___readline
| choke me
| #endif
| 
| int
| main ()
| {
| return readline ();
|   ;
|   return 0;
| }
configure:21341: result: no
configure:21371: checking for library containing pthread_create
configure:21412: gcc -o conftest -g -O2   conftest.c  >&5
configure:21419: $? = 0
configure:21450: result: none required
configure:21473: checking for library containing dlopen
configure:21514: gcc -o conftest -g -O2   conftest.c  >&5
configure:21521: $? = 0
configure:21552: result: none required
configure:21563: checking for whether to support dynamic extensions
configure:21565: result: yes
configure:21574: checking for posix_fallocate
configure:21630: gcc -o conftest -g -O2   conftest.c  >&5
configure:21637: $? = 0
configure:21659: result: yes
configure:21854: creating ./config.status

## ---------------------- ##
## Running config.status. ##
## ---------------------- ##

This file was extended by sqlite config.status 3.7.6.3, which was
generated by GNU Autoconf 2.62.  Invocation command line was

  CONFIG_FILES    = 
  CONFIG_HEADERS  = 
  CONFIG_LINKS    = 
  CONFIG_COMMANDS = 
  $ ./config.status 

on kali

config.status:718: creating Makefile
config.status:718: creating sqlite3.pc
config.status:929: executing depfiles commands
configure:22969: WARNING: Unrecognized options: --enable-optimizations

## ---------------- ##
## Cache variables. ##
## ---------------- ##

ac_cv_build=x86_64-unknown-linux-gnu
ac_cv_c_compiler_gnu=yes
ac_cv_cxx_compiler_gnu=yes
ac_cv_env_CCC_set=
ac_cv_env_CCC_value=
ac_cv_env_CC_set=
ac_cv_env_CC_value=
ac_cv_env_CFLAGS_set=
ac_cv_env_CFLAGS_value=
ac_cv_env_CPPFLAGS_set=
ac_cv_env_CPPFLAGS_value=
ac_cv_env_CPP_set=
ac_cv_env_CPP_value=
ac_cv_env_CXXCPP_set=
ac_cv_env_CXXCPP_value=
ac_cv_env_CXXFLAGS_set=
ac_cv_env_CXXFLAGS_value=
ac_cv_env_CXX_set=
ac_cv_env_CXX_value=
ac_cv_env_F77_set=
ac_cv_env_F77_value=
ac_cv_env_FFLAGS_set=
ac_cv_env_FFLAGS_value=
ac_cv_env_LDFLAGS_set=
ac_cv_env_LDFLAGS_value=
ac_cv_env_LIBS_set=
ac_cv_env_LIBS_value=
ac_cv_env_build_alias_set=
ac_cv_env_build_alias_value=
ac_cv_env_host_alias_set=
ac_cv_env_host_alias_value=
ac_cv_env_target_alias_set=
ac_cv_env_target_alias_value=
ac_cv_f77_compiler_gnu=no
ac_cv_func_fdatasync=yes
ac_cv_func_fullfsync=no
ac_cv_func_gmtime_r=yes
ac_cv_func_localtime_r=yes
ac_cv_func_posix_fallocate=yes
ac_cv_func_readline=no
ac_cv_func_strerror_r=yes
ac_cv_func_strerror_r_char_p=no
ac_cv_func_usleep=yes
ac_cv_have_decl_strerror_r=yes
ac_cv_header_dlfcn_h=yes
ac_cv_header_inttypes_h=yes
ac_cv_header_memory_h=yes
ac_cv_header_stdc=yes
ac_cv_header_stdint_h=yes
ac_cv_header_stdlib_h=yes
ac_cv_header_string_h=yes
ac_cv_header_strings_h=yes
ac_cv_header_sys_stat_h=yes
ac_cv_header_sys_types_h=yes
ac_cv_header_unistd_h=yes
ac_cv_host=x86_64-unknown-linux-gnu
ac_cv_objext=o
ac_cv_path_EGREP='/usr/bin/grep -E'
ac_cv_path_GREP=/usr/bin/grep
ac_cv_path_install='/usr/bin/install -c'
ac_cv_path_mkdir=/usr/bin/mkdir
ac_cv_prog_AWK=gawk
ac_cv_prog_CPP='gcc -E'
ac_cv_prog_CXXCPP='g++ -E'
ac_cv_prog_ac_ct_AR=ar
ac_cv_prog_ac_ct_CC=gcc
ac_cv_prog_ac_ct_CXX=g++
ac_cv_prog_ac_ct_RANLIB=ranlib
ac_cv_prog_ac_ct_STRIP=strip
ac_cv_prog_cc_c89=
ac_cv_prog_cc_g=yes
ac_cv_prog_cxx_g=yes
ac_cv_prog_f77_g=no
ac_cv_prog_make_make_set=yes
ac_cv_search_dlopen='none required'
ac_cv_search_pthread_create='none required'
ac_cv_search_readline=no
ac_cv_search_tgetent=-lcurses
ac_cv_sys_file_offset_bits=no
ac_cv_sys_largefile_CC=no
am_cv_CC_dependencies_compiler_type=gcc3
am_cv_CXX_dependencies_compiler_type=gcc3
lt_cv_deplibs_check_method=pass_all
lt_cv_file_magic_cmd='$MAGIC_CMD'
lt_cv_file_magic_test_file=
lt_cv_ld_reload_flag=-r
lt_cv_objdir=.libs
lt_cv_path_LD=/usr/bin/ld
lt_cv_path_LDCXX='/usr/bin/ld -m elf_x86_64'
lt_cv_path_NM='/usr/bin/nm -B'
lt_cv_path_SED=/usr/bin/sed
lt_cv_prog_compiler_c_o=yes
lt_cv_prog_compiler_c_o_CXX=yes
lt_cv_prog_compiler_rtti_exceptions=no
lt_cv_prog_gnu_ld=yes
lt_cv_prog_gnu_ldcxx=yes
lt_cv_sys_global_symbol_pipe='sed -n -e '\''s/^.*[ 	]\([ABCDGIRSTW][ABCDGIRSTW]*\)[ 	][ 	]*\([_A-Za-z][_A-Za-z0-9]*\)$/\1 \2 \2/p'\'''
lt_cv_sys_global_symbol_to_c_name_address='sed -n -e '\''s/^: \([^ ]*\) $/  {\"\1\", (lt_ptr) 0},/p'\'' -e '\''s/^[BCDEGRST] \([^ ]*\) \([^ ]*\)$/  {"\2", (lt_ptr) \&\2},/p'\'''
lt_cv_sys_global_symbol_to_cdecl='sed -n -e '\''s/^. .* \(.*\)$/extern int \1;/p'\'''
lt_cv_sys_max_cmd_len=32768
lt_lt_cv_prog_compiler_c_o='"yes"'
lt_lt_cv_prog_compiler_c_o_CXX='"yes"'
lt_lt_cv_sys_global_symbol_pipe='"sed -n -e '\''s/^.*[ 	]\\([ABCDGIRSTW][ABCDGIRSTW]*\\)[ 	][ 	]*\\([_A-Za-z][_A-Za-z0-9]*\\)\$/\\1 \\2 \\2/p'\''"'
lt_lt_cv_sys_global_symbol_to_c_name_address='"sed -n -e '\''s/^: \\([^ ]*\\) \$/  {\\\"\\1\\\", (lt_ptr) 0},/p'\'' -e '\''s/^[BCDEGRST] \\([^ ]*\\) \\([^ ]*\\)\$/  {\"\\2\", (lt_ptr) \\&\\2},/p'\''"'
lt_lt_cv_sys_global_symbol_to_cdecl='"sed -n -e '\''s/^. .* \\(.*\\)\$/extern int \\1;/p'\''"'

## ----------------- ##
## Output variables. ##
## ----------------- ##

ACLOCAL='${SHELL} /home/othmxne/Documents/Projects/awsProject/sqlite-autoconf-3070603/missing --run aclocal-1.9'
AMDEPBACKSLASH='\'
AMDEP_FALSE='#'
AMDEP_TRUE=''
AMTAR='${SHELL} /home/othmxne/Documents/Projects/awsProject/sqlite-autoconf-3070603/missing --run tar'
AR='ar'
AUTOCONF='${SHELL} /home/othmxne/Documents/Projects/awsProject/sqlite-autoconf-3070603/missing --run autoconf'
AUTOHEADER='${SHELL} /home/othmxne/Documents/Projects/awsProject/sqlite-autoconf-3070603/missing --run autoheader'
AUTOMAKE='${SHELL} /home/othmxne/Documents/Projects/awsProject/sqlite-autoconf-3070603/missing --run automake-1.9'
AWK='gawk'
BUILD_CFLAGS=''
CC='gcc'
CCDEPMODE='depmode=gcc3'
CFLAGS='-g -O2'
CPP='gcc -E'
CPPFLAGS=''
CXX='g++'
CXXCPP='g++ -E'
CXXDEPMODE='depmode=gcc3'
CXXFLAGS='-g -O2'
CYGPATH_W='echo'
DEFS='-DPACKAGE_NAME=\"sqlite\" -DPACKAGE_TARNAME=\"sqlite\" -DPACKAGE_VERSION=\"3.7.6.3\" -DPACKAGE_STRING=\"sqlite\ 3.7.6.3\" -DPACKAGE_BUGREPORT=\"http://www.sqlite.org\" -DPACKAGE=\"sqlite\" -DVERSION=\"3.7.6.3\" -DSTDC_HEADERS=1 -DHAVE_SYS_TYPES_H=1 -DHAVE_SYS_STAT_H=1 -DHAVE_STDLIB_H=1 -DHAVE_STRING_H=1 -DHAVE_MEMORY_H=1 -DHAVE_STRINGS_H=1 -DHAVE_INTTYPES_H=1 -DHAVE_STDINT_H=1 -DHAVE_UNISTD_H=1 -DHAVE_DLFCN_H=1 -DHAVE_FDATASYNC=1 -DHAVE_USLEEP=1 -DHAVE_LOCALTIME_R=1 -DHAVE_GMTIME_R=1 -DHAVE_DECL_STRERROR_R=1 -DHAVE_STRERROR_R=1 -DHAVE_POSIX_FALLOCATE=1'
DEPDIR='.deps'
DYNAMIC_EXTENSION_FLAGS=''
ECHO='echo'
ECHO_C=''
ECHO_N='-n'
ECHO_T=''
EGREP='/usr/bin/grep -E'
EXEEXT=''
F77=''
FFLAGS=''
GREP='/usr/bin/grep'
INSTALL_DATA='${INSTALL} -m 644'
INSTALL_PROGRAM='${INSTALL}'
INSTALL_SCRIPT='${INSTALL}'
INSTALL_STRIP_PROGRAM='${SHELL} $(install_sh) -c -s'
LDFLAGS=''
LIBOBJS=''
LIBS=''
LIBTOOL='$(SHELL) $(top_builddir)/libtool'
LN_S='ln -s'
LTLIBOBJS=''
MAKEINFO='${SHELL} /home/othmxne/Documents/Projects/awsProject/sqlite-autoconf-3070603/missing --run makeinfo'
MKDIR_P='/usr/bin/mkdir -p'
OBJEXT='o'
PACKAGE='sqlite'
PACKAGE_BUGREPORT='http://www.sqlite.org'
PACKAGE_NAME='sqlite'
PACKAGE_STRING='sqlite 3.7.6.3'
PACKAGE_TARNAME='sqlite'
PACKAGE_VERSION='3.7.6.3'
PATH_SEPARATOR=':'
RANLIB='ranlib'
READLINE_LIBS='-lcurses '
SET_MAKE=''
SHELL='/bin/bash'
STRIP='strip'
THREADSAFE_FLAGS='-D_REENTRANT=1 -DSQLITE_THREADSAFE=1'
VERSION='3.7.6.3'
ac_ct_CC='gcc'
ac_ct_CXX='g++'
ac_ct_F77=''
am__fastdepCC_FALSE='#'
am__fastdepCC_TRUE=''
am__fastdepCXX_FALSE='#'
am__fastdepCXX_TRUE=''
am__include='include'
am__leading_dot='.'
am__quote=''
am__tar='${AMTAR} chof - "$$tardir"'
am__untar='${AMTAR} xf -'
bindir='${exec_prefix}/bin'
build='x86_64-unknown-linux-gnu'
build_alias=''
build_cpu='x86_64'
build_os='linux-gnu'
build_vendor='unknown'
datadir='${datarootdir}'
datarootdir='${prefix}/share'
docdir='${datarootdir}/doc/${PACKAGE_TARNAME}'
dvidir='${docdir}'
exec_prefix='${prefix}'
host='x86_64-unknown-linux-gnu'
host_alias=''
host_cpu='x86_64'
host_os='linux-gnu'
host_vendor='unknown'
htmldir='${docdir}'
includedir='${prefix}/include'
infodir='${datarootdir}/info'
install_sh='/home/othmxne/Documents/Projects/awsProject/sqlite-autoconf-3070603/install-sh'
libdir='${exec_prefix}/lib'
libexecdir='${exec_prefix}/libexec'
localedir='${datarootdir}/locale'
localstatedir='${prefix}/var'
mandir='${datarootdir}/man'
mkdir_p='mkdir -p --'
oldincludedir='/usr/include'
pdfdir='${docdir}'
prefix='/usr/local'
program_transform_name='s,x,x,'
psdir='${docdir}'
sbindir='${exec_prefix}/sbin'
sharedstatedir='${prefix}/com'
sysconfdir='${prefix}/etc'
target_alias=''

## ----------- ##
## confdefs.h. ##
## ----------- ##

#define PACKAGE_NAME "sqlite"
#define PACKAGE_TARNAME "sqlite"
#define PACKAGE_VERSION "3.7.6.3"
#define PACKAGE_STRING "sqlite 3.7.6.3"
#define PACKAGE_BUGREPORT "http://www.sqlite.org"
#define PACKAGE "sqlite"
#define VERSION "3.7.6.3"
#define STDC_HEADERS 1
#define HAVE_SYS_TYPES_H 1
#define HAVE_SYS_STAT_H 1
#define HAVE_STDLIB_H 1
#define HAVE_STRING_H 1
#define HAVE_MEMORY_H 1
#define HAVE_STRINGS_H 1
#define HAVE_INTTYPES_H 1
#define HAVE_STDINT_H 1
#define HAVE_UNISTD_H 1
#define HAVE_DLFCN_H 1
#define HAVE_FDATASYNC 1
#define HAVE_USLEEP 1
#define HAVE_LOCALTIME_R 1
#define HAVE_GMTIME_R 1
#define HAVE_DECL_STRERROR_R 1
#define HAVE_STRERROR_R 1
#define HAVE_POSIX_FALLOCATE 1

configure: exit 0
